p:\cpp\bert\debug\bertmgr.lib
p:\cpp\bert\debug\bertmgr.exp
p:\cpp\bert\bertmgr\debug\bertmgr.pch
p:\cpp\bert\bertmgr\debug\vc141.pdb
p:\cpp\bert\bertmgr\debug\vc141.idb
p:\cpp\bert\bertmgr\debug\stdafx.obj
p:\cpp\bert\bertmgr\debug\xlcall.obj
p:\cpp\bert\bertmgr\debug\bertmgr.obj
p:\cpp\bert\bertmgr\debug\excelfunctions.obj
p:\cpp\bert\bertmgr\debug\dllmain.obj
p:\cpp\bert\bert\bertmgr32d.ilk
p:\cpp\bert\bert\bertmgr32d.xll
p:\cpp\bert\debug\bertmgr.pdb
p:\cpp\bert\bertmgr\debug\bertmgr.tlog\bertmgr.write.1u.tlog
p:\cpp\bert\bertmgr\debug\bertmgr.tlog\cl.command.1.tlog
p:\cpp\bert\bertmgr\debug\bertmgr.tlog\cl.read.1.tlog
p:\cpp\bert\bertmgr\debug\bertmgr.tlog\cl.write.1.tlog
p:\cpp\bert\bertmgr\debug\bertmgr.tlog\link.command.1.tlog
p:\cpp\bert\bertmgr\debug\bertmgr.tlog\link.read.1.tlog
p:\cpp\bert\bertmgr\debug\bertmgr.tlog\link.write.1.tlog
