p:\cpp\bert\bertribbon2\debug\bertribbon2.pch
p:\cpp\bert\bertribbon2\debug\vc141.pdb
p:\cpp\bert\bertribbon2\debug\vc141.idb
p:\cpp\bert\bertribbon2\debug\stdafx.obj
p:\cpp\bert\bertribbon2\debug\bertribbon2.obj
p:\cpp\bert\bertribbon2\debug\connect.obj
p:\cpp\bert\bertribbon2\debug\dllmain.obj
p:\cpp\bert\bertribbon2\bertribbon2x86d.ilk
p:\cpp\bert\bertribbon2\bertribbon2x86d.dll
p:\cpp\bert\bert\bertribbon2.pdb
p:\cpp\bert\bertribbon2\debug\bertribbon2.tlb
p:\cpp\bert\bertribbon2\bertribbon2_i.c
p:\cpp\bert\bertribbon2\bertribbon2_i.h
p:\cpp\bert\bertribbon2\debug\bertribbon2.res
p:\cpp\bert\bertribbon2\debug\msaddndr.tlh
p:\cpp\bert\bertribbon2\debug\bertribbon2.tlog\cl.command.1.tlog
p:\cpp\bert\bertribbon2\debug\bertribbon2.tlog\cl.read.1.tlog
p:\cpp\bert\bertribbon2\debug\bertribbon2.tlog\cl.write.1.tlog
p:\cpp\bert\bertribbon2\debug\bertribbon2.tlog\link.command.1.tlog
p:\cpp\bert\bertribbon2\debug\bertribbon2.tlog\link.read.1.tlog
p:\cpp\bert\bertribbon2\debug\bertribbon2.tlog\link.write.1.tlog
p:\cpp\bert\bertribbon2\debug\bertribbon2.tlog\midl.command.1.tlog
p:\cpp\bert\bertribbon2\debug\bertribbon2.tlog\midl.read.1.tlog
p:\cpp\bert\bertribbon2\debug\bertribbon2.tlog\midl.write.1.tlog
p:\cpp\bert\bertribbon2\debug\bertribbon2.tlog\rc.command.1.tlog
p:\cpp\bert\bertribbon2\debug\bertribbon2.tlog\rc.read.1.tlog
p:\cpp\bert\bertribbon2\debug\bertribbon2.tlog\rc.write.1.tlog
