p:\cpp\bert\debug\bert.lib
p:\cpp\bert\debug\bert.exp
p:\cpp\bert\bert\debug\bert.pch
p:\cpp\bert\bert\debug\vc141.pdb
p:\cpp\bert\bert\debug\vc141.idb
p:\cpp\bert\bert\debug\stdafx.obj
p:\cpp\bert\bert\debug\bert.obj
p:\cpp\bert\bert\debug\bertapi.obj
p:\cpp\bert\bert\debug\bertcom.obj
p:\cpp\bert\bert\debug\bertgdi.obj
p:\cpp\bert\bert\debug\bertjson.obj
p:\cpp\bert\bert\debug\graphicsdevice.obj
p:\cpp\bert\bert\debug\remoteshell.obj
p:\cpp\bert\bert\debug\dialogs.obj
p:\cpp\bert\bert\debug\excelfunctions.obj
p:\cpp\bert\bert\debug\xlcall.obj
p:\cpp\bert\bert\debug\filewatcher.obj
p:\cpp\bert\bert\debug\json11.obj
p:\cpp\bert\bert\debug\linklabel.obj
p:\cpp\bert\bert\debug\rcom.obj
p:\cpp\bert\bert\debug\threadlocalstorage.obj
p:\cpp\bert\bert\debug\updates.obj
p:\cpp\bert\bert\debug\dllmain.obj
p:\cpp\bert\bert\debug\rinterface.obj
p:\cpp\bert\bert\bert32d.ilk
p:\cpp\bert\bert\bert32d.xll
p:\cpp\bert\debug\bert.pdb
p:\cpp\bert\bert\debug\bert.res
p:\cpp\bert\bert\debug\bert.tlog\bert.write.1u.tlog
p:\cpp\bert\bert\debug\bert.tlog\cl.command.1.tlog
p:\cpp\bert\bert\debug\bert.tlog\cl.read.1.tlog
p:\cpp\bert\bert\debug\bert.tlog\cl.write.1.tlog
p:\cpp\bert\bert\debug\bert.tlog\link.command.1.tlog
p:\cpp\bert\bert\debug\bert.tlog\link.read.1.tlog
p:\cpp\bert\bert\debug\bert.tlog\link.write.1.tlog
p:\cpp\bert\bert\debug\bert.tlog\rc.command.1.tlog
p:\cpp\bert\bert\debug\bert.tlog\rc.read.1.tlog
p:\cpp\bert\bert\debug\bert.tlog\rc.write.1.tlog
